[INFO ] 07-23-2022 11:20:45 AM [main] com.miBudget.utilities.HibernateConnectionTest:testHibernateUtilities:26 - Test completed. Passed.
[INFO ] 07-23-2022 11:20:45 AM [main] com.miBudget.utilities.DateAndTimeUtility:getDateAndTimeAsStr:33 - localDateTime: SATURDAY JULY 23, 2022 11:20 AM
[INFO ] 07-23-2022 11:20:45 AM [main] com.miBudget.utilities.DateAndTimeUtilityTest:testDateAndTimeReturnsDateAndTimeInANiceFormat:16 - SATURDAY JULY 23, 2022 11:20 AM
[INFO ] 07-23-2022 11:20:45 AM [main] com.miBudget.utilities.EmailUtility:sendEmail:61 - sending...
[INFO ] 07-23-2022 11:20:48 AM [main] com.miBudget.utilities.EmailUtility:sendEmail:63 - Sent message successfully....
[INFO ] 07-23-2022 11:20:48 AM [main] com.miBudget.processors.TransactionsProcessor:tryWithSqlDate:79 - startDate: 2022-07-23
[INFO ] 07-23-2022 11:20:48 AM [main] com.miBudget.processors.TransactionsProcessor:tryWithSqlDate:80 - endDate: 2022-08-23
[INFO ] 07-23-2022 11:20:48 AM [main] com.miBudget.processors.TransactionsProcessor:tryWithSqlDate:84 - getReq is asking for 5 transactions
[DEBUG] 07-23-2022 11:20:49 AM [main] com.miBudget.processors.TransactionsProcessor:createJSONObject:205 - creating jsonObj from: {
  "display_message": null,
  "documentation_url": "https://plaid.com/docs/?ref=error#invalid-input-errors",
  "error_code": "INVALID_ACCESS_TOKEN",
  "error_message": "provided access token has previously been invalidated using /item/access_token/invalidate. Please use the new access token to continue working with this item",
  "error_type": "INVALID_INPUT",
  "request_id": "FsxDOUBh6Q7GrN2",
  "suggested_action": null
}
[DEBUG] 07-23-2022 11:20:49 AM [main] com.miBudget.processors.TransactionsProcessor:createJSONObject:213 - thisJSONObject: {"error_message":"provided access token has previously been invalidated using \/item\/access_token\/invalidate. Please use the new access token to continue working with this item","suggested_action":null,"error_type":"INVALID_INPUT","display_message":null,"error_code":"INVALID_ACCESS_TOKEN","documentation_url":"https:\/\/plaid.com\/docs\/?ref=error#invalid-input-errors","request_id":"FsxDOUBh6Q7GrN2"}
[DEBUG] 07-23-2022 11:20:49 AM [main] com.miBudget.processors.TransactionsProcessor:createJSONObject:214 - errType: INVALID_INPUT
[ERROR] 07-23-2022 11:20:49 AM [main] com.miBudget.processors.TransactionsProcessor:tryWithSqlDate:100 - raw: Response{protocol=http/1.1, code=400, message=Bad Request, url=https://development.plaid.com/transactions/get}
[ERROR] 07-23-2022 11:20:49 AM [main] com.miBudget.processors.TransactionsProcessor:tryWithSqlDate:101 - code: 400
[ERROR] 07-23-2022 11:20:49 AM [main] com.miBudget.processors.TransactionsProcessor:tryWithSqlDate:102 - error body: 
[ERROR] 07-23-2022 11:20:49 AM [main] com.miBudget.processors.TransactionsProcessorTest:testTransactionsProcessorReturnsTransactions:49 - com.miBudget.core.MiBudgetError: provided access token has previously been invalidated using /item/access_token/invalidate. Please use the new access token to continue working with this item
